Using pre-set license
Built from '2020.3/release' branch; Version is '2020.3.2f1 (8fd9074bf66c) revision 9427207'; Using compiler version '192528614'; Build Type 'Release'
OS: 'Windows 10 Home Single Language; OS build 19042.928; Version 2009; 64bit' Language: 'es' Physical Memory: 8058 MB
BatchMode: 1, IsHumanControllingUs: 0, StartBugReporterOnCrash: 0, Is64bit: 1, IsPro: 0

 COMMAND LINE ARGUMENTS:
C:\Program Files\Unity\Hub\Editor\2020.3.2f1\Editor\Unity.exe
-adb2
-batchMode
-noUpm
-name
AssetImportWorker0
-projectPath
C:/VideGame2D
-logFile
Logs/AssetImportWorker0.log
-srvPort
60957
Successfully changed project path to: C:/VideGame2D
C:/VideGame2D
Using Asset Import Pipeline V2.
Refreshing native plugins compatible for Editor in 83.41 ms, found 1 plugins.
Preloading 0 native plugins for Editor in 0.00 ms.
Initialize engine version: 2020.3.2f1 (8fd9074bf66c)
[Subsystems] Discovering subsystems at path C:/Program Files/Unity/Hub/Editor/2020.3.2f1/Editor/Data/Resources/UnitySubsystems
[Subsystems] Discovering subsystems at path C:/VideGame2D/Assets
GfxDevice: creating device client; threaded=0
Direct3D:
    Version:  Direct3D 11.0 [level 11.1]
    Renderer: Intel(R) UHD Graphics 620 (ID=0x5917)
    Vendor:   
    VRAM:     4029 MB
    Driver:   27.20.100.8681
Initialize mono
Mono path[0] = 'C:/Program Files/Unity/Hub/Editor/2020.3.2f1/Editor/Data/Managed'
Mono path[1] = 'C:/Program Files/Unity/Hub/Editor/2020.3.2f1/Editor/Data/MonoBleedingEdge/lib/mono/unityjit'
Mono config path = 'C:/Program Files/Unity/Hub/Editor/2020.3.2f1/Editor/Data/MonoBleedingEdge/etc'
Using monoOptions --debugger-agent=transport=dt_socket,embedding=1,server=y,suspend=n,address=127.0.0.1:56392
Begin MonoManager ReloadAssembly
Registering precompiled unity dll's ...
Register platform support module: C:/Program Files/Unity/Hub/Editor/2020.3.2f1/Editor/Data/PlaybackEngines/WindowsStandaloneSupport/UnityEditor.WindowsStandalone.Extensions.dll
Registered in 0.001968 seconds.
Native extension for WindowsStandalone target not found
Refreshing native plugins compatible for Editor in 41.67 ms, found 1 plugins.
Preloading 0 native plugins for Editor in 0.00 ms.
Invoked RoslynAnalysisRunner static constructor.
RoslynAnalysisRunner will not be running.
RoslynAnalysisRunner has terminated.
Mono: successfully reloaded assembly
- Completed reload, in  2.952 seconds
Platform modules already initialized, skipping
Registering precompiled user dll's ...
Registered in 0.001163 seconds.
Begin MonoManager ReloadAssembly
Native extension for WindowsStandalone target not found
Refreshing native plugins compatible for Editor in 69.33 ms, found 1 plugins.
Preloading 0 native plugins for Editor in 0.00 ms.
Invoked RoslynAnalysisRunner static constructor.
RoslynAnalysisRunner will not be running.
RoslynAnalysisRunner has terminated.
Mono: successfully reloaded assembly
- Completed reload, in  1.693 seconds
Platform modules already initialized, skipping
========================================================================
Worker process is ready to serve import requests
Launched and connected shader compiler UnityShaderCompiler.exe after 0.05 seconds
Refreshing native plugins compatible for Editor in 4.85 ms, found 1 plugins.
Preloading 0 native plugins for Editor in 0.00 ms.
Unloading 1811 Unused Serialized files (Serialized files now loaded: 0)
System memory in use before: 85.0 MB.
System memory in use after: 84.9 MB.

Unloading 24 unused Assets to reduce memory usage. Loaded Objects now: 2254.
Total: 4.096300 ms (FindLiveObjects: 0.289300 ms CreateObjectMapping: 0.137500 ms MarkObjects: 3.503500 ms  DeleteObjects: 0.164200 ms)

========================================================================
Received Import Request.
  path: Assets/Sprites/isometric_pixel_flat_0070.png
  artifactKey: Guid(1a15957f118f15245b5773d568bd7bcf) Importer(815301076,1909f56bfc062723c751e8b465ee728b)
Start importing Assets/Sprites/isometric_pixel_flat_0070.png using Guid(1a15957f118f15245b5773d568bd7bcf) Importer(815301076,1909f56bfc062723c751e8b465ee728b)  -> (artifact id: '939ef1f258b5fd43c61a890649ab34fe') in 0.130355 seconds
  Import took 0.134288 seconds .

========================================================================
Received Import Request.
  Time since last request: 58.373719 seconds.
  path: Assets/Sprites/s_bgTrees_0.png
  artifactKey: Guid(a518f4efc8e0c7d4881b858738270356) Importer(815301076,1909f56bfc062723c751e8b465ee728b)
Start importing Assets/Sprites/s_bgTrees_0.png using Guid(a518f4efc8e0c7d4881b858738270356) Importer(815301076,1909f56bfc062723c751e8b465ee728b)  -> (artifact id: '3b408d52c3cbb67f3b46a2fe6b65ecf6') in 0.070538 seconds
  Import took 0.087031 seconds .

========================================================================
Received Import Request.
  Time since last request: 18.110707 seconds.
  path: Assets/Sprites/s_shelter_0.png
  artifactKey: Guid(6824985810851c74b969c19ddfd6c139) Importer(815301076,1909f56bfc062723c751e8b465ee728b)
Start importing Assets/Sprites/s_shelter_0.png using Guid(6824985810851c74b969c19ddfd6c139) Importer(815301076,1909f56bfc062723c751e8b465ee728b)  -> (artifact id: '0674b0315316037254b04d979296bfc1') in 0.095736 seconds
  Import took 0.116834 seconds .

========================================================================
Received Import Request.
  Time since last request: 0.008776 seconds.
  path: Assets/Sprites/s_shelter_0.png
  artifactKey: Guid(6824985810851c74b969c19ddfd6c139) Importer(815301076,1909f56bfc062723c751e8b465ee728b)
Start importing Assets/Sprites/s_shelter_0.png using Guid(6824985810851c74b969c19ddfd6c139) Importer(815301076,1909f56bfc062723c751e8b465ee728b)  -> (artifact id: '0674b0315316037254b04d979296bfc1') in 0.052100 seconds
  Import took 0.084152 seconds .

========================================================================
Received Import Request.
  Time since last request: 42.457724 seconds.
  path: Assets/Sprites/s_bgTrees_0.png
  artifactKey: Guid(a518f4efc8e0c7d4881b858738270356) Importer(815301076,1909f56bfc062723c751e8b465ee728b)
Start importing Assets/Sprites/s_bgTrees_0.png using Guid(a518f4efc8e0c7d4881b858738270356) Importer(815301076,1909f56bfc062723c751e8b465ee728b)  -> (artifact id: '3fe7b6d3e16e5fc332c9cf29f3e800bd') in 0.052175 seconds
  Import took 0.071155 seconds .

========================================================================
Received Import Request.
  Time since last request: 92.582698 seconds.
  path: Assets/Sprites/Idle 1.png
  artifactKey: Guid(60ff34b6746bb8747a25870d917e03c3) Importer(815301076,1909f56bfc062723c751e8b465ee728b)
Start importing Assets/Sprites/Idle 1.png using Guid(60ff34b6746bb8747a25870d917e03c3) Importer(815301076,1909f56bfc062723c751e8b465ee728b)  -> (artifact id: 'add64d4340cd726df81391ff1e44f305') in 0.030623 seconds
  Import took 0.035793 seconds .

========================================================================
Received Import Request.
  Time since last request: 3.181922 seconds.
  path: Assets/Sprites/Idle 2.png
  artifactKey: Guid(6925038f99ada3448bdb59827a4fb55b) Importer(815301076,1909f56bfc062723c751e8b465ee728b)
Start importing Assets/Sprites/Idle 2.png using Guid(6925038f99ada3448bdb59827a4fb55b) Importer(815301076,1909f56bfc062723c751e8b465ee728b)  -> (artifact id: '4c047202252cc5c5aee3b716e48aac2f') in 0.046395 seconds
  Import took 0.055553 seconds .

========================================================================
Received Import Request.
  Time since last request: 0.012559 seconds.
  path: Assets/Sprites/Idle 2.png
  artifactKey: Guid(6925038f99ada3448bdb59827a4fb55b) Importer(815301076,1909f56bfc062723c751e8b465ee728b)
Start importing Assets/Sprites/Idle 2.png using Guid(6925038f99ada3448bdb59827a4fb55b) Importer(815301076,1909f56bfc062723c751e8b465ee728b)  -> (artifact id: '4c047202252cc5c5aee3b716e48aac2f') in 0.045672 seconds
  Import took 0.055093 seconds .

========================================================================
Received Import Request.
  Time since last request: 24.514160 seconds.
  path: Assets/Sprites/Idle 1.png
  artifactKey: Guid(60ff34b6746bb8747a25870d917e03c3) Importer(815301076,1909f56bfc062723c751e8b465ee728b)
Start importing Assets/Sprites/Idle 1.png using Guid(60ff34b6746bb8747a25870d917e03c3) Importer(815301076,1909f56bfc062723c751e8b465ee728b)  -> (artifact id: 'd9e0ee69e8a8cb8f9166f3b8b80e2060') in 0.019965 seconds
  Import took 0.027344 seconds .

========================================================================
Received Import Request.
  Time since last request: 7.173137 seconds.
  path: Assets/Sprites/Idle 1.png
  artifactKey: Guid(60ff34b6746bb8747a25870d917e03c3) Importer(815301076,1909f56bfc062723c751e8b465ee728b)
Start importing Assets/Sprites/Idle 1.png using Guid(60ff34b6746bb8747a25870d917e03c3) Importer(815301076,1909f56bfc062723c751e8b465ee728b)  -> (artifact id: '11f76dcf9b6a4f9e12b0699d21990830') in 0.026788 seconds
  Import took 0.032551 seconds .

========================================================================
Received Import Request.
  Time since last request: 11.300837 seconds.
  path: Assets/Sprites/Idle 1.png
  artifactKey: Guid(60ff34b6746bb8747a25870d917e03c3) Importer(815301076,1909f56bfc062723c751e8b465ee728b)
Start importing Assets/Sprites/Idle 1.png using Guid(60ff34b6746bb8747a25870d917e03c3) Importer(815301076,1909f56bfc062723c751e8b465ee728b)  -> (artifact id: '4db7eaf30369784cfeb8ca1d9595bffc') in 0.018930 seconds
  Import took 0.024938 seconds .

========================================================================
Received Import Request.
  Time since last request: 7.636526 seconds.
  path: Assets/Sprites/Idle 1.png
  artifactKey: Guid(60ff34b6746bb8747a25870d917e03c3) Importer(815301076,1909f56bfc062723c751e8b465ee728b)
Start importing Assets/Sprites/Idle 1.png using Guid(60ff34b6746bb8747a25870d917e03c3) Importer(815301076,1909f56bfc062723c751e8b465ee728b)  -> (artifact id: '92cd95b1d2044dfe7405cb3018b516de') in 0.026797 seconds
  Import took 0.035088 seconds .

========================================================================
Received Import Request.
  Time since last request: 8.384526 seconds.
  path: Assets/Sprites/Idle 1.png
  artifactKey: Guid(60ff34b6746bb8747a25870d917e03c3) Importer(815301076,1909f56bfc062723c751e8b465ee728b)
Start importing Assets/Sprites/Idle 1.png using Guid(60ff34b6746bb8747a25870d917e03c3) Importer(815301076,1909f56bfc062723c751e8b465ee728b)  -> (artifact id: 'f8997240bc82b2ec75d1d6ec9c37c38a') in 0.017306 seconds
  Import took 0.023522 seconds .

========================================================================
Received Import Request.
  Time since last request: 74.100249 seconds.
  path: Assets/Sprites/Idle 1.png
  artifactKey: Guid(60ff34b6746bb8747a25870d917e03c3) Importer(815301076,1909f56bfc062723c751e8b465ee728b)
Start importing Assets/Sprites/Idle 1.png using Guid(60ff34b6746bb8747a25870d917e03c3) Importer(815301076,1909f56bfc062723c751e8b465ee728b)  -> (artifact id: '7aba1de94165bcae1f8ae71d8c661741') in 0.028481 seconds
  Import took 0.034695 seconds .

========================================================================
Received Import Request.
  Time since last request: 38.890231 seconds.
  path: Assets/Sprites/Idle 1.png
  artifactKey: Guid(60ff34b6746bb8747a25870d917e03c3) Importer(815301076,1909f56bfc062723c751e8b465ee728b)
Start importing Assets/Sprites/Idle 1.png using Guid(60ff34b6746bb8747a25870d917e03c3) Importer(815301076,1909f56bfc062723c751e8b465ee728b)  -> (artifact id: '13b2d4384cdc710a1185ec6ce3e4aee1') in 0.043206 seconds
  Import took 0.059267 seconds .

========================================================================
Received Import Request.
  Time since last request: 9.557586 seconds.
  path: Assets/Sprites/Idle 1.png
  artifactKey: Guid(60ff34b6746bb8747a25870d917e03c3) Importer(815301076,1909f56bfc062723c751e8b465ee728b)
Start importing Assets/Sprites/Idle 1.png using Guid(60ff34b6746bb8747a25870d917e03c3) Importer(815301076,1909f56bfc062723c751e8b465ee728b)  -> (artifact id: 'c58103a828b79d2483d5a423476815dc') in 0.025341 seconds
  Import took 0.036335 seconds .

========================================================================
Received Prepare
Registering precompiled user dll's ...
Registered in 0.001071 seconds.
Begin MonoManager ReloadAssembly
Native extension for WindowsStandalone target not found
Refreshing native plugins compatible for Editor in 2.69 ms, found 1 plugins.
Preloading 0 native plugins for Editor in 0.00 ms.
Invoked RoslynAnalysisRunner static constructor.
RoslynAnalysisRunner will not be running.
RoslynAnalysisRunner has terminated.
Mono: successfully reloaded assembly
- Completed reload, in  3.728 seconds
Platform modules already initialized, skipping
Refreshing native plugins compatible for Editor in 0.63 ms, found 1 plugins.
Preloading 0 native plugins for Editor in 0.00 ms.
Unloading 1806 Unused Serialized files (Serialized files now loaded: 0)
System memory in use before: 88.0 MB.
System memory in use after: 88.0 MB.

Unloading 12 unused Assets to reduce memory usage. Loaded Objects now: 2272.
Total: 3.680000 ms (FindLiveObjects: 0.786100 ms CreateObjectMapping: 0.284600 ms MarkObjects: 2.417700 ms  DeleteObjects: 0.189600 ms)

========================================================================
Received Prepare
Registering precompiled user dll's ...
Registered in 0.005776 seconds.
Begin MonoManager ReloadAssembly
Native extension for WindowsStandalone target not found
Refreshing native plugins compatible for Editor in 0.44 ms, found 1 plugins.
Preloading 0 native plugins for Editor in 0.00 ms.
Invoked RoslynAnalysisRunner static constructor.
RoslynAnalysisRunner will not be running.
RoslynAnalysisRunner has terminated.
Mono: successfully reloaded assembly
- Completed reload, in  3.228 seconds
Platform modules already initialized, skipping
Refreshing native plugins compatible for Editor in 0.46 ms, found 1 plugins.
Preloading 0 native plugins for Editor in 0.00 ms.
Unloading 1806 Unused Serialized files (Serialized files now loaded: 0)
System memory in use before: 88.0 MB.
System memory in use after: 88.0 MB.

Unloading 12 unused Assets to reduce memory usage. Loaded Objects now: 2276.
Total: 8.514400 ms (FindLiveObjects: 0.868200 ms CreateObjectMapping: 0.798500 ms MarkObjects: 6.558900 ms  DeleteObjects: 0.278500 ms)

========================================================================
Received Prepare
Registering precompiled user dll's ...
Registered in 0.001266 seconds.
Begin MonoManager ReloadAssembly
Native extension for WindowsStandalone target not found
Refreshing native plugins compatible for Editor in 1.31 ms, found 1 plugins.
Preloading 0 native plugins for Editor in 0.00 ms.
Invoked RoslynAnalysisRunner static constructor.
RoslynAnalysisRunner will not be running.
RoslynAnalysisRunner has terminated.
Mono: successfully reloaded assembly
- Completed reload, in  3.272 seconds
Platform modules already initialized, skipping
Refreshing native plugins compatible for Editor in 0.96 ms, found 1 plugins.
Preloading 0 native plugins for Editor in 0.00 ms.
Unloading 1806 Unused Serialized files (Serialized files now loaded: 0)
System memory in use before: 88.1 MB.
System memory in use after: 88.0 MB.

Unloading 12 unused Assets to reduce memory usage. Loaded Objects now: 2280.
Total: 8.935100 ms (FindLiveObjects: 0.367900 ms CreateObjectMapping: 0.149100 ms MarkObjects: 6.616000 ms  DeleteObjects: 1.792200 ms)

========================================================================
Received Prepare
Registering precompiled user dll's ...
Registered in 0.005031 seconds.
Begin MonoManager ReloadAssembly
Native extension for WindowsStandalone target not found
Refreshing native plugins compatible for Editor in 0.62 ms, found 1 plugins.
Preloading 0 native plugins for Editor in 0.00 ms.
Invoked RoslynAnalysisRunner static constructor.
RoslynAnalysisRunner will not be running.
RoslynAnalysisRunner has terminated.
Mono: successfully reloaded assembly
- Completed reload, in  2.818 seconds
Platform modules already initialized, skipping
Refreshing native plugins compatible for Editor in 0.97 ms, found 1 plugins.
Preloading 0 native plugins for Editor in 0.00 ms.
Unloading 1806 Unused Serialized files (Serialized files now loaded: 0)
System memory in use before: 88.1 MB.
System memory in use after: 88.1 MB.

Unloading 12 unused Assets to reduce memory usage. Loaded Objects now: 2284.
Total: 8.283200 ms (FindLiveObjects: 0.958500 ms CreateObjectMapping: 0.377800 ms MarkObjects: 6.365900 ms  DeleteObjects: 0.575500 ms)

========================================================================
Received Prepare
Registering precompiled user dll's ...
Registered in 0.003879 seconds.
Begin MonoManager ReloadAssembly
Native extension for WindowsStandalone target not found
Refreshing native plugins compatible for Editor in 0.43 ms, found 1 plugins.
Preloading 0 native plugins for Editor in 0.00 ms.
Invoked RoslynAnalysisRunner static constructor.
RoslynAnalysisRunner will not be running.
RoslynAnalysisRunner has terminated.
Mono: successfully reloaded assembly
- Completed reload, in  2.769 seconds
Platform modules already initialized, skipping
Refreshing native plugins compatible for Editor in 0.39 ms, found 1 plugins.
Preloading 0 native plugins for Editor in 0.00 ms.
Unloading 1806 Unused Serialized files (Serialized files now loaded: 0)
System memory in use before: 88.1 MB.
System memory in use after: 88.1 MB.

Unloading 12 unused Assets to reduce memory usage. Loaded Objects now: 2288.
Total: 10.151900 ms (FindLiveObjects: 0.575900 ms CreateObjectMapping: 0.293600 ms MarkObjects: 9.124600 ms  DeleteObjects: 0.155500 ms)

========================================================================
Received Prepare
Registering precompiled user dll's ...
Registered in 0.001443 seconds.
Begin MonoManager ReloadAssembly
Native extension for WindowsStandalone target not found
Refreshing native plugins compatible for Editor in 2.58 ms, found 1 plugins.
Preloading 0 native plugins for Editor in 0.00 ms.
Invoked RoslynAnalysisRunner static constructor.
RoslynAnalysisRunner will not be running.
RoslynAnalysisRunner has terminated.
Mono: successfully reloaded assembly
- Completed reload, in  1.647 seconds
Platform modules already initialized, skipping
Refreshing native plugins compatible for Editor in 0.71 ms, found 1 plugins.
Preloading 0 native plugins for Editor in 0.00 ms.
Unloading 1806 Unused Serialized files (Serialized files now loaded: 0)
System memory in use before: 88.1 MB.
System memory in use after: 88.1 MB.

Unloading 12 unused Assets to reduce memory usage. Loaded Objects now: 2292.
Total: 4.670800 ms (FindLiveObjects: 0.384300 ms CreateObjectMapping: 0.158800 ms MarkObjects: 3.915000 ms  DeleteObjects: 0.210300 ms)

========================================================================
Received Import Request.
  Time since last request: 999.565915 seconds.
  path: Assets/Sprites/co.png
  artifactKey: Guid(0286bc3ff84eade408336bd108e95eb1) Importer(815301076,1909f56bfc062723c751e8b465ee728b)
Start importing Assets/Sprites/co.png using Guid(0286bc3ff84eade408336bd108e95eb1) Importer(815301076,1909f56bfc062723c751e8b465ee728b)  -> (artifact id: 'd47d593385fe8237864e2cb944503fc4') in 0.179408 seconds
  Import took 0.187396 seconds .

========================================================================
Received Import Request.
  Time since last request: 9.617879 seconds.
  path: Assets/Sprites/co.png
  artifactKey: Guid(0286bc3ff84eade408336bd108e95eb1) Importer(815301076,1909f56bfc062723c751e8b465ee728b)
Start importing Assets/Sprites/co.png using Guid(0286bc3ff84eade408336bd108e95eb1) Importer(815301076,1909f56bfc062723c751e8b465ee728b)  -> (artifact id: 'd7af6bd629fc0d63b4b078dd88be037a') in 0.025302 seconds
  Import took 0.036997 seconds .

AssetImportWorkerClient::OnTransportError - code=2 error=End of file
