Using pre-set license
Built from '2020.3/release' branch; Version is '2020.3.7f1 (dd97f2c94397) revision 14522354'; Using compiler version '192528614'; Build Type 'Release'
OS: 'Windows 10 Pro; OS build 18363.1198; Version 1909; 64bit' Language: 'es' Physical Memory: 20311 MB
BatchMode: 1, IsHumanControllingUs: 0, StartBugReporterOnCrash: 0, Is64bit: 1, IsPro: 0

 COMMAND LINE ARGUMENTS:
C:\Program Files\Unity\Hub\Editor\2020.3.7f1\Editor\Unity.exe
-adb2
-batchMode
-noUpm
-name
AssetImportWorker2
-projectPath
C:/Users/USUARIO/Desktop/VideoGame2D
-logFile
Logs/AssetImportWorker2.log
-srvPort
50970
Successfully changed project path to: C:/Users/USUARIO/Desktop/VideoGame2D
C:/Users/USUARIO/Desktop/VideoGame2D
Using Asset Import Pipeline V2.
Refreshing native plugins compatible for Editor in 1252.43 ms, found 1 plugins.
Preloading 0 native plugins for Editor in 0.00 ms.
Initialize engine version: 2020.3.7f1 (dd97f2c94397)
[Subsystems] Discovering subsystems at path C:/Program Files/Unity/Hub/Editor/2020.3.7f1/Editor/Data/Resources/UnitySubsystems
[Subsystems] Discovering subsystems at path C:/Users/USUARIO/Desktop/VideoGame2D/Assets
GfxDevice: creating device client; threaded=0
Direct3D:
    Version:  Direct3D 11.0 [level 11.1]
    Renderer: Intel(R) HD Graphics 620 (ID=0x5916)
    Vendor:   
    VRAM:     10155 MB
    Driver:   26.20.100.7263
Initialize mono
Mono path[0] = 'C:/Program Files/Unity/Hub/Editor/2020.3.7f1/Editor/Data/Managed'
Mono path[1] = 'C:/Program Files/Unity/Hub/Editor/2020.3.7f1/Editor/Data/MonoBleedingEdge/lib/mono/unityjit'
Mono config path = 'C:/Program Files/Unity/Hub/Editor/2020.3.7f1/Editor/Data/MonoBleedingEdge/etc'
Using monoOptions --debugger-agent=transport=dt_socket,embedding=1,server=y,suspend=n,address=127.0.0.1:56372
Begin MonoManager ReloadAssembly
Registering precompiled unity dll's ...
Register platform support module: C:/Program Files/Unity/Hub/Editor/2020.3.7f1/Editor/Data/PlaybackEngines/WindowsStandaloneSupport/UnityEditor.WindowsStandalone.Extensions.dll
Registered in 0.003022 seconds.
Native extension for WindowsStandalone target not found
Refreshing native plugins compatible for Editor in 51.28 ms, found 1 plugins.
Preloading 0 native plugins for Editor in 0.00 ms.
Mono: successfully reloaded assembly
- Completed reload, in  6.214 seconds
Platform modules already initialized, skipping
Registering precompiled user dll's ...
Registered in 0.001278 seconds.
Begin MonoManager ReloadAssembly
Native extension for WindowsStandalone target not found
Refreshing native plugins compatible for Editor in 50.95 ms, found 1 plugins.
Preloading 0 native plugins for Editor in 0.00 ms.
Mono: successfully reloaded assembly
- Completed reload, in  2.062 seconds
Platform modules already initialized, skipping
========================================================================
Worker process is ready to serve import requests
Launched and connected shader compiler UnityShaderCompiler.exe after 0.35 seconds
Refreshing native plugins compatible for Editor in 1.02 ms, found 1 plugins.
Preloading 0 native plugins for Editor in 0.00 ms.
Unloading 1816 Unused Serialized files (Serialized files now loaded: 0)
System memory in use before: 85.4 MB.
System memory in use after: 85.3 MB.

Unloading 24 unused Assets to reduce memory usage. Loaded Objects now: 2260.
Total: 3.873000 ms (FindLiveObjects: 0.359900 ms CreateObjectMapping: 0.223900 ms MarkObjects: 3.027700 ms  DeleteObjects: 0.259400 ms)

========================================================================
Received Import Request.
  path: Assets/Script/playerControler.cs
  artifactKey: Guid(03893899f45b64040bb8f5d0750c2aac) Importer(815301076,1909f56bfc062723c751e8b465ee728b)
Start importing Assets/Script/playerControler.cs using Guid(03893899f45b64040bb8f5d0750c2aac) Importer(815301076,1909f56bfc062723c751e8b465ee728b)  -> (artifact id: '0e02c5d65559453101fb2cfcbc4dbe07') in 0.085805 seconds
  Import took 0.093755 seconds .

========================================================================
Received Prepare
Refreshing native plugins compatible for Editor in 3.12 ms, found 1 plugins.
Preloading 0 native plugins for Editor in 0.00 ms.
Unloading 10 Unused Serialized files (Serialized files now loaded: 0)
System memory in use before: 49.5 MB.
System memory in use after: 49.5 MB.

Unloading 10 unused Assets to reduce memory usage. Loaded Objects now: 2260.
Total: 3.945400 ms (FindLiveObjects: 1.008500 ms CreateObjectMapping: 0.266400 ms MarkObjects: 2.458200 ms  DeleteObjects: 0.209900 ms)

========================================================================
Received Prepare
Registering precompiled user dll's ...
Registered in 0.007869 seconds.
Begin MonoManager ReloadAssembly
Native extension for WindowsStandalone target not found
Refreshing native plugins compatible for Editor in 1.54 ms, found 1 plugins.
Preloading 0 native plugins for Editor in 0.00 ms.
Mono: successfully reloaded assembly
- Completed reload, in  2.854 seconds
Platform modules already initialized, skipping
Refreshing native plugins compatible for Editor in 0.63 ms, found 1 plugins.
Preloading 0 native plugins for Editor in 0.00 ms.
Unloading 1811 Unused Serialized files (Serialized files now loaded: 0)
System memory in use before: 85.3 MB.
System memory in use after: 85.3 MB.

Unloading 12 unused Assets to reduce memory usage. Loaded Objects now: 2264.
Total: 89.181000 ms (FindLiveObjects: 25.911200 ms CreateObjectMapping: 3.174100 ms MarkObjects: 58.073300 ms  DeleteObjects: 2.018900 ms)

========================================================================
Received Import Request.
  Time since last request: 303.199307 seconds.
  path: Assets/Script/MenuController.cs
  artifactKey: Guid(4808e5012054cd0449f623bf22f437f3) Importer(815301076,1909f56bfc062723c751e8b465ee728b)
Start importing Assets/Script/MenuController.cs using Guid(4808e5012054cd0449f623bf22f437f3) Importer(815301076,1909f56bfc062723c751e8b465ee728b)  -> (artifact id: '9e140b29ca8db73347cf5175d75a25ae') in 0.188003 seconds
  Import took 0.215470 seconds .

========================================================================
Received Import Request.
  Time since last request: 0.001025 seconds.
  path: Assets/Script/coinControler.cs
  artifactKey: Guid(5f9e256dcbd4ef34d8930becdc4c37e9) Importer(815301076,1909f56bfc062723c751e8b465ee728b)
Start importing Assets/Script/coinControler.cs using Guid(5f9e256dcbd4ef34d8930becdc4c37e9) Importer(815301076,1909f56bfc062723c751e8b465ee728b)  -> (artifact id: '9b38853b34926ac7903ea5fa39cb108c') in 0.131108 seconds
  Import took 0.170640 seconds .

========================================================================
Received Import Request.
  Time since last request: 0.001710 seconds.
  path: Assets/Script/scoreManager.cs
  artifactKey: Guid(b76abbf575c39f542abc72e178bbf860) Importer(815301076,1909f56bfc062723c751e8b465ee728b)
Start importing Assets/Script/scoreManager.cs using Guid(b76abbf575c39f542abc72e178bbf860) Importer(815301076,1909f56bfc062723c751e8b465ee728b)  -> (artifact id: 'a481894bc2fec4b107f0526b112ceb47') in 0.055270 seconds
  Import took 0.118133 seconds .

========================================================================
Received Import Request.
  Time since last request: 27.983313 seconds.
  path: Assets/Prefabs/Bala.prefab
  artifactKey: Guid(301846aba0a58404e82d6e69733c5f76) Importer(815301076,1909f56bfc062723c751e8b465ee728b)
Start importing Assets/Prefabs/Bala.prefab using Guid(301846aba0a58404e82d6e69733c5f76) Importer(815301076,1909f56bfc062723c751e8b465ee728b)  -> (artifact id: 'e0bc3e88339913333fcd0981b4ac5f3e') in 1.125528 seconds
  Import took 3.175045 seconds .

========================================================================
Received Import Request.
  Time since last request: 0.000324 seconds.
  path: Assets/Prefabs/Coin.prefab
  artifactKey: Guid(c8193a4932013614db3e1532cf38e1ca) Importer(815301076,1909f56bfc062723c751e8b465ee728b)
Start importing Assets/Prefabs/Coin.prefab using Guid(c8193a4932013614db3e1532cf38e1ca) Importer(815301076,1909f56bfc062723c751e8b465ee728b)  -> (artifact id: '1d7dfae2705d5d7471f79a8ae1d76c18') in 6.581644 seconds
  Import took 6.589145 seconds .

========================================================================
Received Prepare
Registering precompiled user dll's ...
Registered in 0.004287 seconds.
Begin MonoManager ReloadAssembly
Native extension for WindowsStandalone target not found
Refreshing native plugins compatible for Editor in 0.54 ms, found 1 plugins.
Preloading 0 native plugins for Editor in 0.00 ms.
Mono: successfully reloaded assembly
- Completed reload, in 16.231 seconds
Platform modules already initialized, skipping
Refreshing native plugins compatible for Editor in 1.31 ms, found 1 plugins.
Preloading 0 native plugins for Editor in 0.00 ms.
Unloading 1811 Unused Serialized files (Serialized files now loaded: 0)
System memory in use before: 88.5 MB.
System memory in use after: 88.4 MB.

Unloading 12 unused Assets to reduce memory usage. Loaded Objects now: 2275.
Total: 7.299500 ms (FindLiveObjects: 2.594800 ms CreateObjectMapping: 0.141800 ms MarkObjects: 4.424300 ms  DeleteObjects: 0.134000 ms)

========================================================================
Received Import Request.
  Time since last request: 215.175669 seconds.
  path: Assets/Prefabs/Bala.prefab
  artifactKey: Guid(301846aba0a58404e82d6e69733c5f76) Importer(815301076,1909f56bfc062723c751e8b465ee728b)
Start importing Assets/Prefabs/Bala.prefab using Guid(301846aba0a58404e82d6e69733c5f76) Importer(815301076,1909f56bfc062723c751e8b465ee728b)  -> (artifact id: '94301f4d185f0eb49ef6a483ce130c00') in 22.164921 seconds
  Import took 22.249799 seconds .

========================================================================
Received Prepare
Registering precompiled user dll's ...
Registered in 0.253617 seconds.
Begin MonoManager ReloadAssembly
Native extension for WindowsStandalone target not found
Refreshing native plugins compatible for Editor in 0.69 ms, found 1 plugins.
Preloading 0 native plugins for Editor in 0.00 ms.
Mono: successfully reloaded assembly
- Completed reload, in  3.465 seconds
Platform modules already initialized, skipping
Refreshing native plugins compatible for Editor in 0.50 ms, found 1 plugins.
Preloading 0 native plugins for Editor in 0.00 ms.
Unloading 1811 Unused Serialized files (Serialized files now loaded: 0)
System memory in use before: 88.5 MB.
System memory in use after: 88.5 MB.

Unloading 12 unused Assets to reduce memory usage. Loaded Objects now: 2280.
Total: 5.999500 ms (FindLiveObjects: 2.002200 ms CreateObjectMapping: 0.429100 ms MarkObjects: 3.435900 ms  DeleteObjects: 0.123200 ms)

========================================================================
Received Prepare
Registering precompiled user dll's ...
Registered in 0.002487 seconds.
Begin MonoManager ReloadAssembly
Native extension for WindowsStandalone target not found
Refreshing native plugins compatible for Editor in 1.32 ms, found 1 plugins.
Preloading 0 native plugins for Editor in 0.00 ms.
Mono: successfully reloaded assembly
- Completed reload, in  6.263 seconds
Platform modules already initialized, skipping
Refreshing native plugins compatible for Editor in 0.89 ms, found 1 plugins.
Preloading 0 native plugins for Editor in 0.00 ms.
Unloading 1811 Unused Serialized files (Serialized files now loaded: 0)
System memory in use before: 88.5 MB.
System memory in use after: 88.5 MB.

Unloading 12 unused Assets to reduce memory usage. Loaded Objects now: 2284.
Total: 7.639900 ms (FindLiveObjects: 0.449900 ms CreateObjectMapping: 0.208200 ms MarkObjects: 6.841200 ms  DeleteObjects: 0.137100 ms)

========================================================================
Received Prepare
Registering precompiled user dll's ...
Registered in 0.032784 seconds.
Begin MonoManager ReloadAssembly
Native extension for WindowsStandalone target not found
Refreshing native plugins compatible for Editor in 0.89 ms, found 1 plugins.
Preloading 0 native plugins for Editor in 0.00 ms.
Mono: successfully reloaded assembly
- Completed reload, in 12.971 seconds
Platform modules already initialized, skipping
Refreshing native plugins compatible for Editor in 0.68 ms, found 1 plugins.
Preloading 0 native plugins for Editor in 0.00 ms.
Unloading 1811 Unused Serialized files (Serialized files now loaded: 0)
System memory in use before: 88.5 MB.
System memory in use after: 88.5 MB.

Unloading 12 unused Assets to reduce memory usage. Loaded Objects now: 2288.
Total: 9.804700 ms (FindLiveObjects: 6.632300 ms CreateObjectMapping: 0.243300 ms MarkObjects: 2.787900 ms  DeleteObjects: 0.127200 ms)

AssetImportWorkerClient::OnTransportError - code=2 error=End of file
