Using pre-set license
Built from '2020.3/release' branch; Version is '2020.3.7f1 (dd97f2c94397) revision 14522354'; Using compiler version '192528614'; Build Type 'Release'
OS: 'Windows 10 Pro; OS build 18363.1198; Version 1909; 64bit' Language: 'es' Physical Memory: 20311 MB
BatchMode: 1, IsHumanControllingUs: 0, StartBugReporterOnCrash: 0, Is64bit: 1, IsPro: 0

 COMMAND LINE ARGUMENTS:
C:\Program Files\Unity\Hub\Editor\2020.3.7f1\Editor\Unity.exe
-adb2
-batchMode
-noUpm
-name
AssetImportWorker0
-projectPath
C:/Users/USUARIO/Desktop/VideoGame2D
-logFile
Logs/AssetImportWorker0.log
-srvPort
51228
Successfully changed project path to: C:/Users/USUARIO/Desktop/VideoGame2D
C:/Users/USUARIO/Desktop/VideoGame2D
Using Asset Import Pipeline V2.
Refreshing native plugins compatible for Editor in 159.97 ms, found 1 plugins.
Preloading 0 native plugins for Editor in 0.00 ms.
Initialize engine version: 2020.3.7f1 (dd97f2c94397)
[Subsystems] Discovering subsystems at path C:/Program Files/Unity/Hub/Editor/2020.3.7f1/Editor/Data/Resources/UnitySubsystems
[Subsystems] Discovering subsystems at path C:/Users/USUARIO/Desktop/VideoGame2D/Assets
GfxDevice: creating device client; threaded=0
Direct3D:
    Version:  Direct3D 11.0 [level 11.1]
    Renderer: Intel(R) HD Graphics 620 (ID=0x5916)
    Vendor:   
    VRAM:     10155 MB
    Driver:   26.20.100.7263
Initialize mono
Mono path[0] = 'C:/Program Files/Unity/Hub/Editor/2020.3.7f1/Editor/Data/Managed'
Mono path[1] = 'C:/Program Files/Unity/Hub/Editor/2020.3.7f1/Editor/Data/MonoBleedingEdge/lib/mono/unityjit'
Mono config path = 'C:/Program Files/Unity/Hub/Editor/2020.3.7f1/Editor/Data/MonoBleedingEdge/etc'
Using monoOptions --debugger-agent=transport=dt_socket,embedding=1,server=y,suspend=n,address=127.0.0.1:56472
Begin MonoManager ReloadAssembly
Registering precompiled unity dll's ...
Register platform support module: C:/Program Files/Unity/Hub/Editor/2020.3.7f1/Editor/Data/PlaybackEngines/WindowsStandaloneSupport/UnityEditor.WindowsStandalone.Extensions.dll
Registered in 0.002764 seconds.
Native extension for WindowsStandalone target not found
Refreshing native plugins compatible for Editor in 119.27 ms, found 1 plugins.
Preloading 0 native plugins for Editor in 0.00 ms.
Mono: successfully reloaded assembly
- Completed reload, in  5.982 seconds
Platform modules already initialized, skipping
Registering precompiled user dll's ...
Registered in 0.001316 seconds.
Begin MonoManager ReloadAssembly
Native extension for WindowsStandalone target not found
Refreshing native plugins compatible for Editor in 246.25 ms, found 1 plugins.
Preloading 0 native plugins for Editor in 0.00 ms.
Mono: successfully reloaded assembly
- Completed reload, in  3.020 seconds
Platform modules already initialized, skipping
========================================================================
Worker process is ready to serve import requests
Launched and connected shader compiler UnityShaderCompiler.exe after 0.13 seconds
Refreshing native plugins compatible for Editor in 0.71 ms, found 1 plugins.
Preloading 0 native plugins for Editor in 0.00 ms.
Unloading 1816 Unused Serialized files (Serialized files now loaded: 0)
System memory in use before: 85.2 MB.
System memory in use after: 85.1 MB.

Unloading 24 unused Assets to reduce memory usage. Loaded Objects now: 2260.
Total: 5.355000 ms (FindLiveObjects: 1.334000 ms CreateObjectMapping: 0.310500 ms MarkObjects: 3.535800 ms  DeleteObjects: 0.167800 ms)

========================================================================
Received Import Request.
  path: Assets/Scenes/SampleScene.unity
  artifactKey: Guid(2cda990e2423bbf4892e6590ba056729) Importer(815301076,1909f56bfc062723c751e8b465ee728b)
Start importing Assets/Scenes/SampleScene.unity using Guid(2cda990e2423bbf4892e6590ba056729) Importer(815301076,1909f56bfc062723c751e8b465ee728b)  -> (artifact id: 'faf6f3e4f65a19fa8ce95f15f2ae5b7d') in 0.039759 seconds
  Import took 0.052961 seconds .

========================================================================
Received Import Request.
  Time since last request: 0.000495 seconds.
  path: Assets/Scenes
  artifactKey: Guid(85f1ce19e83a0044495086cb8412c0d1) Importer(815301076,1909f56bfc062723c751e8b465ee728b)
Start importing Assets/Scenes using Guid(85f1ce19e83a0044495086cb8412c0d1) Importer(815301076,1909f56bfc062723c751e8b465ee728b)  -> (artifact id: 'cabff26dc500b834626cec70c50e8213') in 0.015789 seconds
  Import took 0.021056 seconds .

========================================================================
Received Import Request.
  Time since last request: 208.964116 seconds.
  path: Assets/Scenes/Start.unity
  artifactKey: Guid(ab4f002aabb920c4a8df93fa6f1bf687) Importer(815301076,1909f56bfc062723c751e8b465ee728b)
Start importing Assets/Scenes/Start.unity using Guid(ab4f002aabb920c4a8df93fa6f1bf687) Importer(815301076,1909f56bfc062723c751e8b465ee728b)  -> (artifact id: 'ec037b734757b23ac652bd8df0c106d3') in 0.098919 seconds
  Import took 0.161299 seconds .

========================================================================
Received Import Request.
  Time since last request: 412.637725 seconds.
  path: Assets/Fonts
  artifactKey: Guid(26f028860347a69429ebfcd333b0380d) Importer(815301076,1909f56bfc062723c751e8b465ee728b)
Start importing Assets/Fonts using Guid(26f028860347a69429ebfcd333b0380d) Importer(815301076,1909f56bfc062723c751e8b465ee728b)  -> (artifact id: '53486a0b8ad02173c641afc4b00fdb44') in 0.050459 seconds
  Import took 0.086017 seconds .

========================================================================
Received Import Request.
  Time since last request: 5.020148 seconds.
  path: Assets/Fonts/PressStart2P-Regular.ttf
  artifactKey: Guid(1bf2644f435163b43ba7a514eff673de) Importer(815301076,1909f56bfc062723c751e8b465ee728b)
Start importing Assets/Fonts/PressStart2P-Regular.ttf using Guid(1bf2644f435163b43ba7a514eff673de) Importer(815301076,1909f56bfc062723c751e8b465ee728b)  -> (artifact id: '46a24789675cfa535437ec6633905af3') in 2.115367 seconds
  Import took 2.176837 seconds .

========================================================================
Received Import Request.
  Time since last request: 79.233005 seconds.
  path: Assets/Scenes/Start.unity
  artifactKey: Guid(ab4f002aabb920c4a8df93fa6f1bf687) Importer(815301076,1909f56bfc062723c751e8b465ee728b)
Start importing Assets/Scenes/Start.unity using Guid(ab4f002aabb920c4a8df93fa6f1bf687) Importer(815301076,1909f56bfc062723c751e8b465ee728b)  -> (artifact id: '7fd035174706de664f76a9d1f571ece0') in 0.069777 seconds
  Import took 0.088434 seconds .

========================================================================
Received Prepare
Registering precompiled user dll's ...
Registered in 0.003398 seconds.
Begin MonoManager ReloadAssembly
Native extension for WindowsStandalone target not found
Refreshing native plugins compatible for Editor in 0.42 ms, found 1 plugins.
Preloading 0 native plugins for Editor in 0.00 ms.
Mono: successfully reloaded assembly
- Completed reload, in  7.300 seconds
Platform modules already initialized, skipping
Refreshing native plugins compatible for Editor in 1.15 ms, found 1 plugins.
Preloading 0 native plugins for Editor in 0.00 ms.
Unloading 1811 Unused Serialized files (Serialized files now loaded: 0)
System memory in use before: 88.5 MB.
System memory in use after: 88.5 MB.

Unloading 12 unused Assets to reduce memory usage. Loaded Objects now: 2308.
Total: 8.719000 ms (FindLiveObjects: 0.330700 ms CreateObjectMapping: 0.151500 ms MarkObjects: 8.038200 ms  DeleteObjects: 0.194600 ms)

========================================================================
Received Prepare
Registering precompiled user dll's ...
Registered in 0.011934 seconds.
Begin MonoManager ReloadAssembly
Native extension for WindowsStandalone target not found
Refreshing native plugins compatible for Editor in 0.74 ms, found 1 plugins.
Preloading 0 native plugins for Editor in 0.00 ms.
Mono: successfully reloaded assembly
- Completed reload, in 26.381 seconds
Platform modules already initialized, skipping
Refreshing native plugins compatible for Editor in 0.64 ms, found 1 plugins.
Preloading 0 native plugins for Editor in 0.00 ms.
Unloading 1811 Unused Serialized files (Serialized files now loaded: 0)
System memory in use before: 88.6 MB.
System memory in use after: 88.6 MB.

Unloading 12 unused Assets to reduce memory usage. Loaded Objects now: 2312.
Total: 23.764700 ms (FindLiveObjects: 1.533000 ms CreateObjectMapping: 0.596000 ms MarkObjects: 20.798800 ms  DeleteObjects: 0.824300 ms)

========================================================================
Received Import Request.
  Time since last request: 485.211603 seconds.
  path: Assets/Sprites/Pantallas/main_title_title_x.5.png
  artifactKey: Guid(4aa86455c916b424685947d770460114) Importer(815301076,1909f56bfc062723c751e8b465ee728b)
Start importing Assets/Sprites/Pantallas/main_title_title_x.5.png using Guid(4aa86455c916b424685947d770460114) Importer(815301076,1909f56bfc062723c751e8b465ee728b)  -> (artifact id: '9899727d541622b30c032bbdbdb33f3e') in 0.379826 seconds
  Import took 0.408807 seconds .

========================================================================
Received Import Request.
  Time since last request: 13.364532 seconds.
  path: Assets/Sprites/Pantallas/main_title_title_x.5.png
  artifactKey: Guid(4aa86455c916b424685947d770460114) Importer(815301076,1909f56bfc062723c751e8b465ee728b)
Start importing Assets/Sprites/Pantallas/main_title_title_x.5.png using Guid(4aa86455c916b424685947d770460114) Importer(815301076,1909f56bfc062723c751e8b465ee728b)  -> (artifact id: '36089f7c7dcc8ad7ee1d44f1dd25e301') in 0.224067 seconds
  Import took 0.249211 seconds .

========================================================================
Received Import Request.
  Time since last request: 27.359278 seconds.
  path: Assets/Sprites/Pantallas/main_title_title_x.5.png
  artifactKey: Guid(4aa86455c916b424685947d770460114) Importer(815301076,1909f56bfc062723c751e8b465ee728b)
Start importing Assets/Sprites/Pantallas/main_title_title_x.5.png using Guid(4aa86455c916b424685947d770460114) Importer(815301076,1909f56bfc062723c751e8b465ee728b)  -> (artifact id: 'f0a0f79051d438470a050ef222d6824c') in 0.059950 seconds
  Import took 0.128438 seconds .

========================================================================
Received Import Request.
  Time since last request: 18.752737 seconds.
  path: Assets/Sprites/Jojo/bullet_impact.png
  artifactKey: Guid(b26ae08fcc37db1418d1151fff06c02c) Importer(815301076,1909f56bfc062723c751e8b465ee728b)
Start importing Assets/Sprites/Jojo/bullet_impact.png using Guid(b26ae08fcc37db1418d1151fff06c02c) Importer(815301076,1909f56bfc062723c751e8b465ee728b)  -> (artifact id: '40b75721844304452fc7964ffe5e6286') in 0.329670 seconds
  Import took 0.401912 seconds .

========================================================================
Received Import Request.
  Time since last request: 0.000072 seconds.
  path: Assets/Sprites/Group 1.png
  artifactKey: Guid(cf94abcf0baf8734ca2dfee3f0679032) Importer(815301076,1909f56bfc062723c751e8b465ee728b)
Start importing Assets/Sprites/Group 1.png using Guid(cf94abcf0baf8734ca2dfee3f0679032) Importer(815301076,1909f56bfc062723c751e8b465ee728b)  -> (artifact id: 'b821a1b2e8edd19ca73a93892c81f88d') in 0.168421 seconds
  Import took 0.313017 seconds .

========================================================================
Received Import Request.
  Time since last request: 0.000260 seconds.
  path: Assets/Sprites/co.png
  artifactKey: Guid(0286bc3ff84eade408336bd108e95eb1) Importer(815301076,1909f56bfc062723c751e8b465ee728b)
Start importing Assets/Sprites/co.png using Guid(0286bc3ff84eade408336bd108e95eb1) Importer(815301076,1909f56bfc062723c751e8b465ee728b)  -> (artifact id: '0d10c97540d5b13d55755ed802142ae0') in 0.181932 seconds
  Import took 0.196333 seconds .

========================================================================
Received Import Request.
  Time since last request: 0.000345 seconds.
  path: Assets/Sprites/co 1.png
  artifactKey: Guid(f0482f4911de1ba449d849ed2c402497) Importer(815301076,1909f56bfc062723c751e8b465ee728b)
Start importing Assets/Sprites/co 1.png using Guid(f0482f4911de1ba449d849ed2c402497) Importer(815301076,1909f56bfc062723c751e8b465ee728b)  -> (artifact id: '384066782d7b490219632574e53e8e70') in 0.197663 seconds
  Import took 0.215488 seconds .

========================================================================
Received Import Request.
  Time since last request: 0.000366 seconds.
  path: Assets/Sprites/Jojo/bullet_impact.png
  artifactKey: Guid(b26ae08fcc37db1418d1151fff06c02c) Importer(815301076,1909f56bfc062723c751e8b465ee728b)
Start importing Assets/Sprites/Jojo/bullet_impact.png using Guid(b26ae08fcc37db1418d1151fff06c02c) Importer(815301076,1909f56bfc062723c751e8b465ee728b)  -> (artifact id: '40b75721844304452fc7964ffe5e6286') in 0.060055 seconds
  Import took 0.266968 seconds .

========================================================================
Received Import Request.
  Time since last request: 1.103576 seconds.
  path: Assets/Sprites/Idle 1.png
  artifactKey: Guid(60ff34b6746bb8747a25870d917e03c3) Importer(815301076,1909f56bfc062723c751e8b465ee728b)
Start importing Assets/Sprites/Idle 1.png using Guid(60ff34b6746bb8747a25870d917e03c3) Importer(815301076,1909f56bfc062723c751e8b465ee728b)  -> (artifact id: '8d14a4c58c4f29f98bb67251b87eb74f') in 0.738749 seconds
  Import took 1.036530 seconds .

========================================================================
Received Import Request.
  Time since last request: 0.000153 seconds.
  path: Assets/Sprites/Idle 2.png
  artifactKey: Guid(6925038f99ada3448bdb59827a4fb55b) Importer(815301076,1909f56bfc062723c751e8b465ee728b)
Start importing Assets/Sprites/Idle 2.png using Guid(6925038f99ada3448bdb59827a4fb55b) Importer(815301076,1909f56bfc062723c751e8b465ee728b)  -> (artifact id: 'a5efd7a199a4d4e95f1e238b7f315022') in 0.322711 seconds
  Import took 0.565153 seconds .

========================================================================
Received Import Request.
  Time since last request: 0.000281 seconds.
  path: Assets/Sprites/isometric_pixel_flat_0070.png
  artifactKey: Guid(1a15957f118f15245b5773d568bd7bcf) Importer(815301076,1909f56bfc062723c751e8b465ee728b)
Start importing Assets/Sprites/isometric_pixel_flat_0070.png using Guid(1a15957f118f15245b5773d568bd7bcf) Importer(815301076,1909f56bfc062723c751e8b465ee728b)  -> (artifact id: '8c031f29d90604e0999897e62528fa7c') in 2.311018 seconds
  Import took 2.385541 seconds .

========================================================================
Received Prepare
Registering precompiled user dll's ...
Registered in 0.002147 seconds.
Begin MonoManager ReloadAssembly
Native extension for WindowsStandalone target not found
Refreshing native plugins compatible for Editor in 0.48 ms, found 1 plugins.
Preloading 0 native plugins for Editor in 0.00 ms.
Mono: successfully reloaded assembly
- Completed reload, in 11.913 seconds
Platform modules already initialized, skipping
Refreshing native plugins compatible for Editor in 0.50 ms, found 1 plugins.
Preloading 0 native plugins for Editor in 0.00 ms.
Unloading 1811 Unused Serialized files (Serialized files now loaded: 0)
System memory in use before: 88.7 MB.
System memory in use after: 88.6 MB.

Unloading 12 unused Assets to reduce memory usage. Loaded Objects now: 2337.
Total: 4.237400 ms (FindLiveObjects: 0.308800 ms CreateObjectMapping: 0.118200 ms MarkObjects: 3.656600 ms  DeleteObjects: 0.151400 ms)

========================================================================
Received Prepare
Registering precompiled user dll's ...
Registered in 0.004446 seconds.
Begin MonoManager ReloadAssembly
Native extension for WindowsStandalone target not found
Refreshing native plugins compatible for Editor in 0.54 ms, found 1 plugins.
Preloading 0 native plugins for Editor in 0.00 ms.
Mono: successfully reloaded assembly
- Completed reload, in 27.529 seconds
Platform modules already initialized, skipping
Refreshing native plugins compatible for Editor in 0.54 ms, found 1 plugins.
Preloading 0 native plugins for Editor in 0.00 ms.
Unloading 1811 Unused Serialized files (Serialized files now loaded: 0)
System memory in use before: 88.7 MB.
System memory in use after: 88.6 MB.

Unloading 12 unused Assets to reduce memory usage. Loaded Objects now: 2341.
Total: 29.622900 ms (FindLiveObjects: 0.302700 ms CreateObjectMapping: 0.121200 ms MarkObjects: 29.016700 ms  DeleteObjects: 0.179400 ms)

========================================================================
Received Prepare
Registering precompiled user dll's ...
Registered in 0.013177 seconds.
Begin MonoManager ReloadAssembly
Native extension for WindowsStandalone target not found
Refreshing native plugins compatible for Editor in 0.58 ms, found 1 plugins.
Preloading 0 native plugins for Editor in 0.00 ms.
Mono: successfully reloaded assembly
- Completed reload, in 27.125 seconds
Platform modules already initialized, skipping
Refreshing native plugins compatible for Editor in 0.59 ms, found 1 plugins.
Preloading 0 native plugins for Editor in 0.00 ms.
Unloading 1811 Unused Serialized files (Serialized files now loaded: 0)
System memory in use before: 88.7 MB.
System memory in use after: 88.7 MB.

Unloading 12 unused Assets to reduce memory usage. Loaded Objects now: 2345.
Total: 12.239000 ms (FindLiveObjects: 0.273200 ms CreateObjectMapping: 0.091700 ms MarkObjects: 11.283000 ms  DeleteObjects: 0.584900 ms)

========================================================================
Received Prepare
Registering precompiled user dll's ...
Registered in 0.001720 seconds.
Begin MonoManager ReloadAssembly
Native extension for WindowsStandalone target not found
Refreshing native plugins compatible for Editor in 0.90 ms, found 1 plugins.
Preloading 0 native plugins for Editor in 0.00 ms.
Mono: successfully reloaded assembly
- Completed reload, in 22.264 seconds
Platform modules already initialized, skipping
Refreshing native plugins compatible for Editor in 0.41 ms, found 1 plugins.
Preloading 0 native plugins for Editor in 0.00 ms.
Unloading 1811 Unused Serialized files (Serialized files now loaded: 0)
System memory in use before: 88.7 MB.
System memory in use after: 88.7 MB.

Unloading 12 unused Assets to reduce memory usage. Loaded Objects now: 2349.
Total: 5.133500 ms (FindLiveObjects: 0.483200 ms CreateObjectMapping: 1.455500 ms MarkObjects: 3.052200 ms  DeleteObjects: 0.139400 ms)

========================================================================
Received Import Request.
  Time since last request: 256.712072 seconds.
  path: Assets/Script
  artifactKey: Guid(73692f0b54fe39e4dbe2057b7ad054b5) Importer(815301076,1909f56bfc062723c751e8b465ee728b)
Start importing Assets/Script using Guid(73692f0b54fe39e4dbe2057b7ad054b5) Importer(815301076,1909f56bfc062723c751e8b465ee728b)  -> (artifact id: 'bcc9e222227704053b44aa0c517dd504') in 0.166345 seconds
  Import took 0.184723 seconds .

========================================================================
Received Prepare
Registering precompiled user dll's ...
Registered in 0.001832 seconds.
Begin MonoManager ReloadAssembly
Native extension for WindowsStandalone target not found
Refreshing native plugins compatible for Editor in 3.02 ms, found 1 plugins.
Preloading 0 native plugins for Editor in 0.00 ms.
Mono: successfully reloaded assembly
- Completed reload, in 11.715 seconds
Platform modules already initialized, skipping
Refreshing native plugins compatible for Editor in 1.31 ms, found 1 plugins.
Preloading 0 native plugins for Editor in 0.00 ms.
Unloading 1812 Unused Serialized files (Serialized files now loaded: 0)
System memory in use before: 88.7 MB.
System memory in use after: 88.7 MB.

Unloading 12 unused Assets to reduce memory usage. Loaded Objects now: 2354.
Total: 3.561100 ms (FindLiveObjects: 0.237700 ms CreateObjectMapping: 0.089400 ms MarkObjects: 3.090200 ms  DeleteObjects: 0.141300 ms)

========================================================================
Received Prepare
Registering precompiled user dll's ...
Registered in 0.012344 seconds.
Begin MonoManager ReloadAssembly
Native extension for WindowsStandalone target not found
Refreshing native plugins compatible for Editor in 1.22 ms, found 1 plugins.
Preloading 0 native plugins for Editor in 0.00 ms.
Mono: successfully reloaded assembly
- Completed reload, in 63.159 seconds
Platform modules already initialized, skipping
Refreshing native plugins compatible for Editor in 0.58 ms, found 1 plugins.
Preloading 0 native plugins for Editor in 0.00 ms.
Unloading 1812 Unused Serialized files (Serialized files now loaded: 0)
System memory in use before: 88.7 MB.
System memory in use after: 88.7 MB.

Unloading 12 unused Assets to reduce memory usage. Loaded Objects now: 2358.
Total: 5.088000 ms (FindLiveObjects: 2.309100 ms CreateObjectMapping: 0.150800 ms MarkObjects: 2.473900 ms  DeleteObjects: 0.150600 ms)

========================================================================
Received Import Request.
  Time since last request: 133.983771 seconds.
  path: Assets/Script/StartController.cs
  artifactKey: Guid(90213e9257a5f2249b5deeb640e193b7) Importer(815301076,1909f56bfc062723c751e8b465ee728b)
Start importing Assets/Script/StartController.cs using Guid(90213e9257a5f2249b5deeb640e193b7) Importer(815301076,1909f56bfc062723c751e8b465ee728b)  -> (artifact id: '0b182bbcfc5b0a4eacebc046db2603e9') in 0.282297 seconds
  Import took 0.288946 seconds .

========================================================================
Received Prepare
Registering precompiled user dll's ...
Registered in 0.761781 seconds.
Begin MonoManager ReloadAssembly
Native extension for WindowsStandalone target not found
Refreshing native plugins compatible for Editor in 0.49 ms, found 1 plugins.
Preloading 0 native plugins for Editor in 0.00 ms.
Mono: successfully reloaded assembly
- Completed reload, in  5.102 seconds
Platform modules already initialized, skipping
Refreshing native plugins compatible for Editor in 1.44 ms, found 1 plugins.
Preloading 0 native plugins for Editor in 0.00 ms.
Unloading 1812 Unused Serialized files (Serialized files now loaded: 0)
System memory in use before: 88.7 MB.
System memory in use after: 88.7 MB.

Unloading 12 unused Assets to reduce memory usage. Loaded Objects now: 2362.
Total: 26.546700 ms (FindLiveObjects: 11.475600 ms CreateObjectMapping: 0.354900 ms MarkObjects: 5.054300 ms  DeleteObjects: 9.659700 ms)

========================================================================
Received Prepare
Registering precompiled user dll's ...
Registered in 0.005058 seconds.
Begin MonoManager ReloadAssembly
Native extension for WindowsStandalone target not found
Refreshing native plugins compatible for Editor in 0.45 ms, found 1 plugins.
Preloading 0 native plugins for Editor in 0.00 ms.
Mono: successfully reloaded assembly
- Completed reload, in 35.640 seconds
Platform modules already initialized, skipping
Refreshing native plugins compatible for Editor in 0.46 ms, found 1 plugins.
Preloading 0 native plugins for Editor in 0.00 ms.
Unloading 1812 Unused Serialized files (Serialized files now loaded: 0)
System memory in use before: 88.8 MB.
System memory in use after: 88.7 MB.

Unloading 12 unused Assets to reduce memory usage. Loaded Objects now: 2366.
Total: 4.399100 ms (FindLiveObjects: 1.132500 ms CreateObjectMapping: 0.253800 ms MarkObjects: 2.874100 ms  DeleteObjects: 0.135600 ms)

========================================================================
Received Import Request.
  Time since last request: 468.893285 seconds.
  path: Assets/Scenes/SampleScene.unity
  artifactKey: Guid(2cda990e2423bbf4892e6590ba056729) Importer(815301076,1909f56bfc062723c751e8b465ee728b)
Start importing Assets/Scenes/SampleScene.unity using Guid(2cda990e2423bbf4892e6590ba056729) Importer(815301076,1909f56bfc062723c751e8b465ee728b)  -> (artifact id: 'f16f9426050fdf140106d4ed97538fdf') in 0.249383 seconds
  Import took 0.297561 seconds .

========================================================================
Received Prepare
Registering precompiled user dll's ...
Registered in 0.003405 seconds.
Begin MonoManager ReloadAssembly
Native extension for WindowsStandalone target not found
Refreshing native plugins compatible for Editor in 0.44 ms, found 1 plugins.
Preloading 0 native plugins for Editor in 0.00 ms.
Mono: successfully reloaded assembly
- Completed reload, in  4.362 seconds
Platform modules already initialized, skipping
Refreshing native plugins compatible for Editor in 0.72 ms, found 1 plugins.
Preloading 0 native plugins for Editor in 0.00 ms.
Unloading 1812 Unused Serialized files (Serialized files now loaded: 0)
System memory in use before: 88.8 MB.
System memory in use after: 88.7 MB.

Unloading 12 unused Assets to reduce memory usage. Loaded Objects now: 2370.
Total: 5.027300 ms (FindLiveObjects: 1.443500 ms CreateObjectMapping: 0.238700 ms MarkObjects: 3.158400 ms  DeleteObjects: 0.184400 ms)

AssetImportWorkerClient::OnTransportError - code=2 error=End of file
